
Circuit 1 cell sky130_fd_pr__nfet_01v8 and Circuit 2 cell sky130_fd_pr__nfet_01v8 are black boxes.
Equate elements:  no current cell.
Device classes sky130_fd_pr__nfet_01v8 and sky130_fd_pr__nfet_01v8 are equivalent.

Circuit 1 cell sky130_fd_pr__pfet_01v8 and Circuit 2 cell sky130_fd_pr__pfet_01v8 are black boxes.
Equate elements:  no current cell.
Device classes sky130_fd_pr__pfet_01v8 and sky130_fd_pr__pfet_01v8 are equivalent.

Subcircuit summary:
Circuit 1: inverter_xschem_raw.spice       |Circuit 2: inverter.spice                  
-------------------------------------------|-------------------------------------------
sky130_fd_pr__nfet_01v8 (1)                |sky130_fd_pr__nfet_01v8 (1)                
sky130_fd_pr__pfet_01v8 (1)                |sky130_fd_pr__pfet_01v8 (1)                
(no matching element)                      |**FLOATING (1)                             
Number of devices: 2 **Mismatch**          |Number of devices: 3 **Mismatch**          
Number of nets: 4                          |Number of nets: 4                          
---------------------------------------------------------------------------------------
NET mismatches: Class fragments follow (with fanout counts):
Circuit 1: inverter_xschem_raw.spice       |Circuit 2: inverter.spice                  

---------------------------------------------------------------------------------------
Net: Vout                                  |Net: out                                   
  sky130_fd_pr__nfet_01v8/(1|3) = 1        |  sky130_fd_pr__pfet_01v8/(1|3) = 1        
  sky130_fd_pr__pfet_01v8/(1|3) = 1        |  sky130_fd_pr__nfet_01v8/(1|3) = 1        
                                           |                                           
Net: Vin                                   |Net: in                                    
  sky130_fd_pr__nfet_01v8/2 = 1            |  sky130_fd_pr__pfet_01v8/2 = 1            
  sky130_fd_pr__pfet_01v8/2 = 1            |  sky130_fd_pr__nfet_01v8/2 = 1            
                                           |                                           
Net: Vss                                   |(no matching net)                          
  sky130_fd_pr__nfet_01v8/(1|3) = 1        |                                           
  sky130_fd_pr__nfet_01v8/4 = 1            |                                           
                                           |                                           
Net: Vdd                                   |(no matching net)                          
  sky130_fd_pr__pfet_01v8/(1|3) = 1        |                                           
  sky130_fd_pr__pfet_01v8/4 = 1            |                                           
---------------------------------------------------------------------------------------

---------------------------------------------------------------------------------------
(no matching net)                          |Net: vss                                   
                                           |  sky130_fd_pr__nfet_01v8/(1|3) = 1        
                                           |  sky130_fd_pr__nfet_01v8/4 = 1            
                                           |  **FLOATING/bottom = 1                    
                                           |                                           
(no matching net)                          |Net: vdd                                   
                                           |  sky130_fd_pr__pfet_01v8/(1|3) = 1        
                                           |  sky130_fd_pr__pfet_01v8/4 = 1            
                                           |  **FLOATING/top = 1                       
---------------------------------------------------------------------------------------
DEVICE mismatches: Class fragments follow (with node fanout counts):
Circuit 1: inverter_xschem_raw.spice       |Circuit 2: inverter.spice                  

---------------------------------------------------------------------------------------
(no matching instance)                     |Instance: **FLOATING:0                     
                                           |  top = 3                                  
                                           |  bottom = 3                               
---------------------------------------------------------------------------------------

---------------------------------------------------------------------------------------
Instance: sky130_fd_pr__pfet_01v8:M2       |Instance: sky130_fd_pr__pfet_01v8:0        
  (1,3) = (2,2)                            |  (1,3) = (3,2)                            
  2 = 2                                    |  2 = 2                                    
  4 = 2                                    |  4 = 3                                    
---------------------------------------------------------------------------------------

---------------------------------------------------------------------------------------
Instance: sky130_fd_pr__nfet_01v8:M1       |Instance: sky130_fd_pr__nfet_01v8:1        
  (1,3) = (2,2)                            |  (1,3) = (3,2)                            
  2 = 2                                    |  2 = 2                                    
  4 = 2                                    |  4 = 3                                    
---------------------------------------------------------------------------------------
Netlists do not match.
Cells have no pins;  pin matching not needed.
Device classes inverter_xschem_raw.spice and inverter.spice are equivalent.

Final result: Netlists do not match.
